TN:
SF:controllers/pokemon.js
FN:3,createPokemon
FN:14,fetchPokemons
FN:33,filterPkemons
FN:54,searchFunction
FN:71,searchPokemons
FN:81,getOnePokemons
FN:87,deletePokemon
FN:99,editPokemons
FNF:8
FNH:8
FNDA:2,createPokemon
FNDA:1,fetchPokemons
FNDA:2,filterPkemons
FNDA:2,searchFunction
FNDA:2,searchPokemons
FNDA:1,getOnePokemons
FNDA:2,deletePokemon
FNDA:3,editPokemons
DA:1,1
DA:2,1
DA:3,2
DA:4,2
DA:5,2
DA:6,2
DA:7,2
DA:8,2
DA:9,2
DA:10,2
DA:11,2
DA:12,2
DA:13,1
DA:14,1
DA:15,1
DA:16,1
DA:17,1
DA:18,1
DA:19,1
DA:20,1
DA:21,1
DA:22,1
DA:23,1
DA:24,1
DA:25,1
DA:26,1
DA:27,1
DA:28,1
DA:29,1
DA:30,1
DA:31,1
DA:32,1
DA:33,2
DA:34,2
DA:35,2
DA:36,2
DA:37,2
DA:38,2
DA:39,2
DA:40,2
DA:41,2
DA:42,1
DA:43,1
DA:44,2
DA:45,2
DA:46,1
DA:47,1
DA:48,1
DA:49,1
DA:50,2
DA:51,2
DA:52,2
DA:53,1
DA:54,2
DA:55,2
DA:56,1
DA:57,1
DA:58,1
DA:59,1
DA:60,1
DA:61,1
DA:62,14
DA:63,14
DA:64,14
DA:65,14
DA:66,13
DA:67,14
DA:68,1
DA:69,1
DA:70,1
DA:71,2
DA:72,2
DA:73,2
DA:74,2
DA:75,2
DA:76,2
DA:77,2
DA:78,2
DA:79,2
DA:80,1
DA:81,1
DA:82,1
DA:83,1
DA:84,1
DA:85,1
DA:86,1
DA:87,2
DA:88,2
DA:89,2
DA:90,2
DA:91,1
DA:92,1
DA:93,1
DA:94,1
DA:95,1
DA:96,1
DA:97,2
DA:98,1
DA:99,3
DA:100,3
DA:101,3
DA:102,3
DA:103,3
DA:104,3
DA:105,3
DA:106,3
DA:107,1
DA:108,1
DA:109,1
DA:110,3
DA:111,3
DA:112,0
DA:113,3
DA:114,3
DA:115,3
DA:116,3
DA:117,3
DA:118,3
DA:119,1
DA:120,1
DA:121,1
DA:122,1
DA:123,1
DA:124,1
DA:125,1
DA:126,1
DA:127,1
DA:128,1
LF:128
LH:127
BRDA:3,0,0,2
BRDA:14,1,0,1
BRDA:17,2,0,0
BRDA:33,3,0,2
BRDA:41,4,0,1
BRDA:45,5,0,1
BRDA:42,6,0,14
BRDA:47,7,0,14
BRDA:54,8,0,2
BRDA:55,9,0,1
BRDA:61,10,0,14
BRDA:63,11,0,13
BRDA:64,12,0,13
BRDA:65,13,0,13
BRDA:71,14,0,2
BRDA:81,15,0,1
BRDA:87,16,0,2
BRDA:90,17,0,1
BRDA:99,18,0,3
BRDA:106,19,0,1
BRDA:111,20,0,0
BRF:21
BRH:19
end_of_record
TN:
SF:models/Pokemons.js
FN:1,Object.<anonymous>.module.exports
FNF:1
FNH:1
FNDA:1,Object.<anonymous>.module.exports
DA:1,1
DA:2,1
DA:3,1
DA:4,1
DA:5,1
DA:6,1
DA:7,1
DA:8,1
DA:9,1
DA:10,1
DA:11,1
DA:12,1
DA:13,1
DA:14,1
DA:15,1
DA:16,1
DA:17,1
DA:18,1
DA:19,1
DA:20,1
DA:21,1
DA:22,1
DA:23,1
DA:24,1
DA:25,1
DA:26,1
DA:27,1
DA:28,1
DA:29,1
DA:30,1
DA:31,1
DA:32,1
DA:33,1
DA:34,1
DA:35,1
DA:36,1
DA:37,1
DA:38,1
DA:39,1
DA:40,1
DA:41,1
DA:42,1
DA:43,1
DA:44,1
DA:45,1
DA:46,1
DA:47,1
DA:48,1
DA:49,1
DA:50,1
DA:51,1
DA:52,1
DA:53,1
DA:54,1
DA:55,1
DA:56,1
LF:56
LH:56
BRDA:1,0,0,1
BRF:1
BRH:1
end_of_record
TN:
SF:models/index.js
FNF:0
FNH:0
DA:1,1
DA:2,1
DA:3,1
DA:4,1
DA:5,1
DA:6,1
DA:7,1
DA:8,1
DA:9,1
DA:10,1
DA:11,1
DA:12,1
DA:13,1
DA:14,0
DA:15,1
DA:16,1
DA:17,1
DA:18,1
DA:19,1
DA:20,1
DA:21,1
DA:22,1
DA:23,1
DA:24,1
DA:25,1
DA:26,2
DA:27,2
DA:28,2
DA:29,2
DA:30,1
DA:31,2
DA:32,2
DA:33,1
DA:34,1
DA:35,1
DA:36,1
DA:37,1
DA:38,1
DA:39,1
DA:40,1
DA:41,1
DA:42,1
DA:43,0
DA:44,0
DA:45,1
DA:46,1
DA:47,1
DA:48,1
DA:49,1
DA:50,1
LF:50
LH:47
BRDA:8,0,0,0
BRDA:13,1,0,0
BRDA:25,2,0,2
BRDA:28,3,0,1
BRDA:29,4,0,1
BRDA:33,5,0,1
BRDA:41,6,0,1
BRDA:42,7,0,0
BRF:8
BRH:5
end_of_record
